2021-10-13 01:30:14,773 WARN com.zaxxer.hikari.pool.HikariPool$HouseKeeper [HikariPool-1 housekeeper] HikariPool-1 - Thread starvation or clock leap detected (housekeeper delta=1h2m11s233ms284µs900ns).
2021-10-13 03:30:14,710 WARN com.zaxxer.hikari.pool.HikariPool$HouseKeeper [HikariPool-1 housekeeper] HikariPool-1 - Thread starvation or clock leap detected (housekeeper delta=1h29s410ms814µs900ns).
2021-10-13 09:06:27,415 WARN com.zaxxer.hikari.pool.HikariPool$HouseKeeper [HikariPool-1 housekeeper] HikariPool-1 - Thread starvation or clock leap detected (housekeeper delta=4h36m42s606ms835µs900ns).
2021-10-13 09:22:17,328 INFO org.springframework.orm.jpa.AbstractEntityManagerFactoryBean [SpringApplicationShutdownHook] Closing JPA EntityManagerFactory for persistence unit 'default'
2021-10-13 09:22:17,331 INFO com.zaxxer.hikari.HikariDataSource [SpringApplicationShutdownHook] HikariPool-1 - Shutdown initiated...
2021-10-13 09:22:17,336 INFO com.zaxxer.hikari.HikariDataSource [SpringApplicationShutdownHook] HikariPool-1 - Shutdown completed.
2021-10-13 09:22:20,649 INFO org.springframework.boot.StartupInfoLogger [main] Starting Application using Java 11.0.11 on DESKTOP-MME1U5F with PID 16432 (C:\Users\HP-Note\IdeaProjects\JM-PP-3-1-3\target\classes started by HP-Note in C:\Users\HP-Note\IdeaProjects\JM-PP-3-1-3)
2021-10-13 09:22:20,647 INFO org.hibernate.validator.internal.util.Version [background-preinit] HV000001: Hibernate Validator 6.2.0.Final
2021-10-13 09:22:20,651 INFO org.springframework.boot.SpringApplication [main] No active profile set, falling back to default profiles: default
2021-10-13 09:22:21,226 INFO org.springframework.data.repository.config.RepositoryConfigurationDelegate [main] Bootstrapping Spring Data JPA repositories in DEFAULT mode.
2021-10-13 09:22:21,241 INFO org.springframework.data.repository.config.RepositoryConfigurationDelegate [main] Finished Spring Data repository scanning in 9 ms. Found 0 JPA repository interfaces.
2021-10-13 09:22:21,537 INFO org.springframework.context.support.PostProcessorRegistrationDelegate$BeanPostProcessorChecker [main] Bean 'org.springframework.security.access.expression.method.DefaultMethodSecurityExpressionHandler@370c1968' of type [org.springframework.security.access.expression.method.DefaultMethodSecurityExpressionHandler] is not eligible for getting processed by all BeanPostProcessors (for example: not eligible for auto-proxying)
2021-10-13 09:22:21,544 INFO org.springframework.context.support.PostProcessorRegistrationDelegate$BeanPostProcessorChecker [main] Bean 'methodSecurityMetadataSource' of type [org.springframework.security.access.method.DelegatingMethodSecurityMetadataSource] is not eligible for getting processed by all BeanPostProcessors (for example: not eligible for auto-proxying)
2021-10-13 09:22:21,750 INFO org.springframework.boot.web.embedded.tomcat.TomcatWebServer [main] Tomcat initialized with port(s): 80 (http)
2021-10-13 09:22:21,762 INFO org.apache.juli.logging.DirectJDKLog [main] Initializing ProtocolHandler ["http-nio-80"]
2021-10-13 09:22:21,762 INFO org.apache.juli.logging.DirectJDKLog [main] Starting service [Tomcat]
2021-10-13 09:22:21,763 INFO org.apache.juli.logging.DirectJDKLog [main] Starting Servlet engine: [Apache Tomcat/9.0.52]
2021-10-13 09:22:21,871 INFO org.apache.juli.logging.DirectJDKLog [main] Initializing Spring embedded WebApplicationContext
2021-10-13 09:22:21,872 INFO org.springframework.boot.web.servlet.context.ServletWebServerApplicationContext [main] Root WebApplicationContext: initialization completed in 1185 ms
2021-10-13 09:22:21,992 INFO org.hibernate.jpa.internal.util.LogHelper [main] HHH000204: Processing PersistenceUnitInfo [name: default]
2021-10-13 09:22:22,022 INFO org.hibernate.Version [main] HHH000412: Hibernate ORM core version 5.4.32.Final
2021-10-13 09:22:22,091 INFO org.hibernate.annotations.common.reflection.java.JavaReflectionManager [main] HCANN000001: Hibernate Commons Annotations {5.1.2.Final}
2021-10-13 09:22:22,150 INFO com.zaxxer.hikari.HikariDataSource [main] HikariPool-1 - Starting...
2021-10-13 09:22:22,243 INFO com.zaxxer.hikari.HikariDataSource [main] HikariPool-1 - Start completed.
2021-10-13 09:22:22,252 INFO org.hibernate.dialect.Dialect [main] HHH000400: Using dialect: org.hibernate.dialect.MySQL5Dialect
2021-10-13 09:22:23,066 INFO org.hibernate.engine.transaction.jta.platform.internal.JtaPlatformInitiator [main] HHH000490: Using JtaPlatform implementation: [org.hibernate.engine.transaction.jta.platform.internal.NoJtaPlatform]
2021-10-13 09:22:23,072 INFO org.springframework.orm.jpa.AbstractEntityManagerFactoryBean [main] Initialized JPA EntityManagerFactory for persistence unit 'default'
2021-10-13 09:22:24,045 INFO org.springframework.boot.autoconfigure.web.servlet.WelcomePageHandlerMapping [main] Adding welcome page template: index
2021-10-13 09:22:24,292 INFO org.springframework.security.web.DefaultSecurityFilterChain [main] Will secure Ant [pattern='/admin'] with [org.springframework.security.web.context.request.async.WebAsyncManagerIntegrationFilter@48ba37dc, org.springframework.security.web.context.SecurityContextPersistenceFilter@663e1144, org.springframework.security.web.header.HeaderWriterFilter@58c16efd, org.springframework.security.web.csrf.CsrfFilter@bae5e58, org.springframework.security.web.authentication.logout.LogoutFilter@628aea61, org.springframework.security.web.authentication.www.BasicAuthenticationFilter@f26cd76, org.springframework.security.web.savedrequest.RequestCacheAwareFilter@24bba1b7, org.springframework.security.web.servletapi.SecurityContextHolderAwareRequestFilter@1164990a, org.springframework.security.web.authentication.AnonymousAuthenticationFilter@322f84fd, org.springframework.security.web.access.ExceptionTranslationFilter@3083e6ef, org.springframework.security.web.access.intercept.FilterSecurityInterceptor@4e553d60]
2021-10-13 09:22:24,323 INFO org.springframework.security.web.DefaultSecurityFilterChain [main] Will secure any request with [org.springframework.security.web.context.request.async.WebAsyncManagerIntegrationFilter@6bec566e, org.springframework.security.web.context.SecurityContextPersistenceFilter@25c06894, org.springframework.security.web.header.HeaderWriterFilter@7d108063, org.springframework.security.web.authentication.logout.LogoutFilter@5c04ec8, org.springframework.security.web.authentication.UsernamePasswordAuthenticationFilter@7ed5cc8c, org.springframework.security.web.savedrequest.RequestCacheAwareFilter@5c2ae7d7, org.springframework.security.web.servletapi.SecurityContextHolderAwareRequestFilter@6e7cb01a, org.springframework.security.web.authentication.AnonymousAuthenticationFilter@47400608, org.springframework.security.web.session.SessionManagementFilter@4351d055, org.springframework.security.web.access.ExceptionTranslationFilter@27c827ec, org.springframework.security.web.access.intercept.FilterSecurityInterceptor@238a7e3d]
2021-10-13 09:22:24,361 INFO org.apache.juli.logging.DirectJDKLog [main] Starting ProtocolHandler ["http-nio-80"]
2021-10-13 09:22:24,376 INFO org.springframework.boot.web.embedded.tomcat.TomcatWebServer [main] Tomcat started on port(s): 80 (http) with context path ''
2021-10-13 09:22:24,383 INFO org.springframework.boot.StartupInfoLogger [main] Started Application in 4.138 seconds (JVM running for 4.718)
2021-10-13 09:22:24,812 INFO org.apache.juli.logging.DirectJDKLog [http-nio-80-exec-1] Initializing Spring DispatcherServlet 'dispatcherServlet'
2021-10-13 09:22:24,812 INFO org.springframework.web.servlet.FrameworkServlet [http-nio-80-exec-1] Initializing Servlet 'dispatcherServlet'
2021-10-13 09:22:24,813 INFO org.springframework.web.servlet.FrameworkServlet [http-nio-80-exec-1] Completed initialization in 1 ms
2021-10-13 09:24:53,467 INFO org.springframework.orm.jpa.AbstractEntityManagerFactoryBean [SpringApplicationShutdownHook] Closing JPA EntityManagerFactory for persistence unit 'default'
2021-10-13 09:24:53,467 INFO com.zaxxer.hikari.HikariDataSource [SpringApplicationShutdownHook] HikariPool-1 - Shutdown initiated...
2021-10-13 09:24:53,483 INFO com.zaxxer.hikari.HikariDataSource [SpringApplicationShutdownHook] HikariPool-1 - Shutdown completed.
2021-10-13 09:24:58,518 INFO org.hibernate.validator.internal.util.Version [background-preinit] HV000001: Hibernate Validator 6.2.0.Final
2021-10-13 09:24:58,518 INFO org.springframework.boot.StartupInfoLogger [main] Starting Application using Java 11.0.11 on DESKTOP-MME1U5F with PID 22888 (C:\Users\HP-Note\IdeaProjects\JM-PP-3-1-3\target\classes started by HP-Note in C:\Users\HP-Note\IdeaProjects\JM-PP-3-1-3)
2021-10-13 09:24:58,518 INFO org.springframework.boot.SpringApplication [main] No active profile set, falling back to default profiles: default
2021-10-13 09:24:59,106 INFO org.springframework.data.repository.config.RepositoryConfigurationDelegate [main] Bootstrapping Spring Data JPA repositories in DEFAULT mode.
2021-10-13 09:24:59,106 INFO org.springframework.data.repository.config.RepositoryConfigurationDelegate [main] Finished Spring Data repository scanning in 8 ms. Found 0 JPA repository interfaces.
2021-10-13 09:24:59,356 INFO org.springframework.context.support.PostProcessorRegistrationDelegate$BeanPostProcessorChecker [main] Bean 'org.springframework.security.access.expression.method.DefaultMethodSecurityExpressionHandler@7b66322e' of type [org.springframework.security.access.expression.method.DefaultMethodSecurityExpressionHandler] is not eligible for getting processed by all BeanPostProcessors (for example: not eligible for auto-proxying)
2021-10-13 09:24:59,356 INFO org.springframework.context.support.PostProcessorRegistrationDelegate$BeanPostProcessorChecker [main] Bean 'methodSecurityMetadataSource' of type [org.springframework.security.access.method.DelegatingMethodSecurityMetadataSource] is not eligible for getting processed by all BeanPostProcessors (for example: not eligible for auto-proxying)
2021-10-13 09:24:59,528 INFO org.springframework.boot.web.embedded.tomcat.TomcatWebServer [main] Tomcat initialized with port(s): 80 (http)
2021-10-13 09:24:59,544 INFO org.apache.juli.logging.DirectJDKLog [main] Initializing ProtocolHandler ["http-nio-80"]
2021-10-13 09:24:59,544 INFO org.apache.juli.logging.DirectJDKLog [main] Starting service [Tomcat]
2021-10-13 09:24:59,544 INFO org.apache.juli.logging.DirectJDKLog [main] Starting Servlet engine: [Apache Tomcat/9.0.52]
2021-10-13 09:24:59,606 INFO org.apache.juli.logging.DirectJDKLog [main] Initializing Spring embedded WebApplicationContext
2021-10-13 09:24:59,606 INFO org.springframework.boot.web.servlet.context.ServletWebServerApplicationContext [main] Root WebApplicationContext: initialization completed in 1041 ms
2021-10-13 09:24:59,731 INFO org.hibernate.jpa.internal.util.LogHelper [main] HHH000204: Processing PersistenceUnitInfo [name: default]
2021-10-13 09:24:59,747 INFO org.hibernate.Version [main] HHH000412: Hibernate ORM core version 5.4.32.Final
2021-10-13 09:24:59,825 INFO org.hibernate.annotations.common.reflection.java.JavaReflectionManager [main] HCANN000001: Hibernate Commons Annotations {5.1.2.Final}
2021-10-13 09:24:59,871 INFO com.zaxxer.hikari.HikariDataSource [main] HikariPool-1 - Starting...
2021-10-13 09:25:00,012 INFO com.zaxxer.hikari.HikariDataSource [main] HikariPool-1 - Start completed.
2021-10-13 09:25:00,012 INFO org.hibernate.dialect.Dialect [main] HHH000400: Using dialect: org.hibernate.dialect.MySQL5Dialect
2021-10-13 09:25:00,755 INFO org.hibernate.engine.transaction.jta.platform.internal.JtaPlatformInitiator [main] HHH000490: Using JtaPlatform implementation: [org.hibernate.engine.transaction.jta.platform.internal.NoJtaPlatform]
2021-10-13 09:25:00,755 INFO org.springframework.orm.jpa.AbstractEntityManagerFactoryBean [main] Initialized JPA EntityManagerFactory for persistence unit 'default'
2021-10-13 09:25:01,770 INFO org.springframework.boot.autoconfigure.web.servlet.WelcomePageHandlerMapping [main] Adding welcome page template: index
2021-10-13 09:25:02,007 INFO org.springframework.security.web.DefaultSecurityFilterChain [main] Will secure Ant [pattern='/admin'] with [org.springframework.security.web.context.request.async.WebAsyncManagerIntegrationFilter@78805df3, org.springframework.security.web.context.SecurityContextPersistenceFilter@400d1c30, org.springframework.security.web.header.HeaderWriterFilter@6d57b264, org.springframework.security.web.csrf.CsrfFilter@65f3f9e2, org.springframework.security.web.authentication.logout.LogoutFilter@14980819, org.springframework.security.web.authentication.www.BasicAuthenticationFilter@5114c8a1, org.springframework.security.web.savedrequest.RequestCacheAwareFilter@50aa9a91, org.springframework.security.web.servletapi.SecurityContextHolderAwareRequestFilter@52a2e2fb, org.springframework.security.web.authentication.AnonymousAuthenticationFilter@65a8c306, org.springframework.security.web.access.ExceptionTranslationFilter@4353db40, org.springframework.security.web.access.intercept.FilterSecurityInterceptor@45ac973]
2021-10-13 09:25:02,007 INFO org.springframework.security.web.DefaultSecurityFilterChain [main] Will secure any request with [org.springframework.security.web.context.request.async.WebAsyncManagerIntegrationFilter@7f6a6d46, org.springframework.security.web.context.SecurityContextPersistenceFilter@7d108063, org.springframework.security.web.header.HeaderWriterFilter@68b3de47, org.springframework.security.web.authentication.logout.LogoutFilter@5c2ae7d7, org.springframework.security.web.authentication.UsernamePasswordAuthenticationFilter@30a4a111, org.springframework.security.web.savedrequest.RequestCacheAwareFilter@b272860, org.springframework.security.web.servletapi.SecurityContextHolderAwareRequestFilter@4351d055, org.springframework.security.web.authentication.AnonymousAuthenticationFilter@238a7e3d, org.springframework.security.web.session.SessionManagementFilter@27c827ec, org.springframework.security.web.access.ExceptionTranslationFilter@1e489957, org.springframework.security.web.access.intercept.FilterSecurityInterceptor@712594f4]
2021-10-13 09:25:02,054 INFO org.apache.juli.logging.DirectJDKLog [main] Starting ProtocolHandler ["http-nio-80"]
2021-10-13 09:25:02,070 INFO org.springframework.boot.web.embedded.tomcat.TomcatWebServer [main] Tomcat started on port(s): 80 (http) with context path ''
2021-10-13 09:25:02,070 INFO org.springframework.boot.StartupInfoLogger [main] Started Application in 3.943 seconds (JVM running for 4.507)
2021-10-13 09:25:02,382 INFO org.apache.juli.logging.DirectJDKLog [http-nio-80-exec-1] Initializing Spring DispatcherServlet 'dispatcherServlet'
2021-10-13 09:25:02,382 INFO org.springframework.web.servlet.FrameworkServlet [http-nio-80-exec-1] Initializing Servlet 'dispatcherServlet'
2021-10-13 09:25:02,383 INFO org.springframework.web.servlet.FrameworkServlet [http-nio-80-exec-1] Completed initialization in 1 ms
2021-10-13 09:26:03,858 INFO org.springframework.orm.jpa.AbstractEntityManagerFactoryBean [SpringApplicationShutdownHook] Closing JPA EntityManagerFactory for persistence unit 'default'
2021-10-13 09:26:03,874 INFO com.zaxxer.hikari.HikariDataSource [SpringApplicationShutdownHook] HikariPool-1 - Shutdown initiated...
2021-10-13 09:26:03,890 INFO com.zaxxer.hikari.HikariDataSource [SpringApplicationShutdownHook] HikariPool-1 - Shutdown completed.
2021-10-13 09:26:08,350 INFO org.springframework.boot.StartupInfoLogger [main] Starting Application using Java 11.0.11 on DESKTOP-MME1U5F with PID 14912 (C:\Users\HP-Note\IdeaProjects\JM-PP-3-1-3\target\classes started by HP-Note in C:\Users\HP-Note\IdeaProjects\JM-PP-3-1-3)
2021-10-13 09:26:08,350 INFO org.hibernate.validator.internal.util.Version [background-preinit] HV000001: Hibernate Validator 6.2.0.Final
2021-10-13 09:26:08,350 INFO org.springframework.boot.SpringApplication [main] No active profile set, falling back to default profiles: default
2021-10-13 09:26:08,975 INFO org.springframework.data.repository.config.RepositoryConfigurationDelegate [main] Bootstrapping Spring Data JPA repositories in DEFAULT mode.
2021-10-13 09:26:08,992 INFO org.springframework.data.repository.config.RepositoryConfigurationDelegate [main] Finished Spring Data repository scanning in 8 ms. Found 0 JPA repository interfaces.
2021-10-13 09:26:09,253 INFO org.springframework.context.support.PostProcessorRegistrationDelegate$BeanPostProcessorChecker [main] Bean 'org.springframework.security.access.expression.method.DefaultMethodSecurityExpressionHandler@6f9c5048' of type [org.springframework.security.access.expression.method.DefaultMethodSecurityExpressionHandler] is not eligible for getting processed by all BeanPostProcessors (for example: not eligible for auto-proxying)
2021-10-13 09:26:09,253 INFO org.springframework.context.support.PostProcessorRegistrationDelegate$BeanPostProcessorChecker [main] Bean 'methodSecurityMetadataSource' of type [org.springframework.security.access.method.DelegatingMethodSecurityMetadataSource] is not eligible for getting processed by all BeanPostProcessors (for example: not eligible for auto-proxying)
2021-10-13 09:26:09,446 INFO org.springframework.boot.web.embedded.tomcat.TomcatWebServer [main] Tomcat initialized with port(s): 80 (http)
2021-10-13 09:26:09,461 INFO org.apache.juli.logging.DirectJDKLog [main] Initializing ProtocolHandler ["http-nio-80"]
2021-10-13 09:26:09,461 INFO org.apache.juli.logging.DirectJDKLog [main] Starting service [Tomcat]
2021-10-13 09:26:09,461 INFO org.apache.juli.logging.DirectJDKLog [main] Starting Servlet engine: [Apache Tomcat/9.0.52]
2021-10-13 09:26:09,539 INFO org.apache.juli.logging.DirectJDKLog [main] Initializing Spring embedded WebApplicationContext
2021-10-13 09:26:09,539 INFO org.springframework.boot.web.servlet.context.ServletWebServerApplicationContext [main] Root WebApplicationContext: initialization completed in 1141 ms
2021-10-13 09:26:09,670 INFO org.hibernate.jpa.internal.util.LogHelper [main] HHH000204: Processing PersistenceUnitInfo [name: default]
2021-10-13 09:26:09,701 INFO org.hibernate.Version [main] HHH000412: Hibernate ORM core version 5.4.32.Final
2021-10-13 09:26:09,795 INFO org.hibernate.annotations.common.reflection.java.JavaReflectionManager [main] HCANN000001: Hibernate Commons Annotations {5.1.2.Final}
2021-10-13 09:26:09,868 INFO com.zaxxer.hikari.HikariDataSource [main] HikariPool-1 - Starting...
2021-10-13 09:26:09,959 INFO com.zaxxer.hikari.HikariDataSource [main] HikariPool-1 - Start completed.
2021-10-13 09:26:09,975 INFO org.hibernate.dialect.Dialect [main] HHH000400: Using dialect: org.hibernate.dialect.MySQL5Dialect
2021-10-13 09:26:10,853 INFO org.hibernate.engine.transaction.jta.platform.internal.JtaPlatformInitiator [main] HHH000490: Using JtaPlatform implementation: [org.hibernate.engine.transaction.jta.platform.internal.NoJtaPlatform]
2021-10-13 09:26:10,853 INFO org.springframework.orm.jpa.AbstractEntityManagerFactoryBean [main] Initialized JPA EntityManagerFactory for persistence unit 'default'
2021-10-13 09:26:11,853 INFO org.springframework.boot.autoconfigure.web.servlet.WelcomePageHandlerMapping [main] Adding welcome page template: index
2021-10-13 09:26:12,078 INFO org.springframework.security.web.DefaultSecurityFilterChain [main] Will secure Ant [pattern='/admin'] with [org.springframework.security.web.context.request.async.WebAsyncManagerIntegrationFilter@30a4a111, org.springframework.security.web.context.SecurityContextPersistenceFilter@6dd1f239, org.springframework.security.web.header.HeaderWriterFilter@17344d7, org.springframework.security.web.csrf.CsrfFilter@2c9aeec6, org.springframework.security.web.authentication.logout.LogoutFilter@17a5ae7b, org.springframework.security.web.authentication.www.BasicAuthenticationFilter@c19bb2a, org.springframework.security.web.savedrequest.RequestCacheAwareFilter@7e58b0f6, org.springframework.security.web.servletapi.SecurityContextHolderAwareRequestFilter@74a991cf, org.springframework.security.web.authentication.AnonymousAuthenticationFilter@7f6a6d46, org.springframework.security.web.access.ExceptionTranslationFilter@1164990a, org.springframework.security.web.access.intercept.FilterSecurityInterceptor@5c04ec8]
2021-10-13 09:26:12,098 INFO org.springframework.security.web.DefaultSecurityFilterChain [main] Will secure any request with [org.springframework.security.web.context.request.async.WebAsyncManagerIntegrationFilter@66576bd2, org.springframework.security.web.context.SecurityContextPersistenceFilter@6ac4f31d, org.springframework.security.web.header.HeaderWriterFilter@84e43fb, org.springframework.security.web.authentication.logout.LogoutFilter@7bbe852a, org.springframework.security.web.authentication.UsernamePasswordAuthenticationFilter@a74c940, org.springframework.security.web.savedrequest.RequestCacheAwareFilter@106f2425, org.springframework.security.web.servletapi.SecurityContextHolderAwareRequestFilter@b666366, org.springframework.security.web.authentication.AnonymousAuthenticationFilter@51bc649e, org.springframework.security.web.session.SessionManagementFilter@37a14aa1, org.springframework.security.web.access.ExceptionTranslationFilter@6e466fdf, org.springframework.security.web.access.intercept.FilterSecurityInterceptor@5e8e02a3]
2021-10-13 09:26:12,121 INFO org.apache.juli.logging.DirectJDKLog [main] Starting ProtocolHandler ["http-nio-80"]
2021-10-13 09:26:12,136 INFO org.springframework.boot.web.embedded.tomcat.TomcatWebServer [main] Tomcat started on port(s): 80 (http) with context path ''
2021-10-13 09:26:12,152 INFO org.springframework.boot.StartupInfoLogger [main] Started Application in 4.178 seconds (JVM running for 4.724)
2021-10-13 09:26:12,454 INFO org.apache.juli.logging.DirectJDKLog [http-nio-80-exec-1] Initializing Spring DispatcherServlet 'dispatcherServlet'
2021-10-13 09:26:12,455 INFO org.springframework.web.servlet.FrameworkServlet [http-nio-80-exec-1] Initializing Servlet 'dispatcherServlet'
2021-10-13 09:26:12,456 INFO org.springframework.web.servlet.FrameworkServlet [http-nio-80-exec-1] Completed initialization in 1 ms
2021-10-13 09:27:39,214 INFO org.springframework.orm.jpa.AbstractEntityManagerFactoryBean [SpringApplicationShutdownHook] Closing JPA EntityManagerFactory for persistence unit 'default'
2021-10-13 09:27:39,214 INFO com.zaxxer.hikari.HikariDataSource [SpringApplicationShutdownHook] HikariPool-1 - Shutdown initiated...
2021-10-13 09:27:39,230 INFO com.zaxxer.hikari.HikariDataSource [SpringApplicationShutdownHook] HikariPool-1 - Shutdown completed.
2021-10-13 09:27:44,410 INFO org.springframework.boot.StartupInfoLogger [main] Starting Application using Java 11.0.11 on DESKTOP-MME1U5F with PID 10008 (C:\Users\HP-Note\IdeaProjects\JM-PP-3-1-3\target\classes started by HP-Note in C:\Users\HP-Note\IdeaProjects\JM-PP-3-1-3)
2021-10-13 09:27:44,410 INFO org.hibernate.validator.internal.util.Version [background-preinit] HV000001: Hibernate Validator 6.2.0.Final
2021-10-13 09:27:44,410 INFO org.springframework.boot.SpringApplication [main] No active profile set, falling back to default profiles: default
2021-10-13 09:27:44,960 INFO org.springframework.data.repository.config.RepositoryConfigurationDelegate [main] Bootstrapping Spring Data JPA repositories in DEFAULT mode.
2021-10-13 09:27:44,973 INFO org.springframework.data.repository.config.RepositoryConfigurationDelegate [main] Finished Spring Data repository scanning in 8 ms. Found 0 JPA repository interfaces.
2021-10-13 09:27:45,228 INFO org.springframework.context.support.PostProcessorRegistrationDelegate$BeanPostProcessorChecker [main] Bean 'org.springframework.security.access.expression.method.DefaultMethodSecurityExpressionHandler@3f183caa' of type [org.springframework.security.access.expression.method.DefaultMethodSecurityExpressionHandler] is not eligible for getting processed by all BeanPostProcessors (for example: not eligible for auto-proxying)
2021-10-13 09:27:45,234 INFO org.springframework.context.support.PostProcessorRegistrationDelegate$BeanPostProcessorChecker [main] Bean 'methodSecurityMetadataSource' of type [org.springframework.security.access.method.DelegatingMethodSecurityMetadataSource] is not eligible for getting processed by all BeanPostProcessors (for example: not eligible for auto-proxying)
2021-10-13 09:27:45,429 INFO org.springframework.boot.web.embedded.tomcat.TomcatWebServer [main] Tomcat initialized with port(s): 80 (http)
2021-10-13 09:27:45,449 INFO org.apache.juli.logging.DirectJDKLog [main] Initializing ProtocolHandler ["http-nio-80"]
2021-10-13 09:27:45,449 INFO org.apache.juli.logging.DirectJDKLog [main] Starting service [Tomcat]
2021-10-13 09:27:45,449 INFO org.apache.juli.logging.DirectJDKLog [main] Starting Servlet engine: [Apache Tomcat/9.0.52]
2021-10-13 09:27:45,527 INFO org.apache.juli.logging.DirectJDKLog [main] Initializing Spring embedded WebApplicationContext
2021-10-13 09:27:45,543 INFO org.springframework.boot.web.servlet.context.ServletWebServerApplicationContext [main] Root WebApplicationContext: initialization completed in 1102 ms
2021-10-13 09:27:45,652 INFO org.hibernate.jpa.internal.util.LogHelper [main] HHH000204: Processing PersistenceUnitInfo [name: default]
2021-10-13 09:27:45,668 INFO org.hibernate.Version [main] HHH000412: Hibernate ORM core version 5.4.32.Final
2021-10-13 09:27:45,742 INFO org.hibernate.annotations.common.reflection.java.JavaReflectionManager [main] HCANN000001: Hibernate Commons Annotations {5.1.2.Final}
2021-10-13 09:27:45,804 INFO com.zaxxer.hikari.HikariDataSource [main] HikariPool-1 - Starting...
2021-10-13 09:27:45,914 INFO com.zaxxer.hikari.HikariDataSource [main] HikariPool-1 - Start completed.
2021-10-13 09:27:45,914 INFO org.hibernate.dialect.Dialect [main] HHH000400: Using dialect: org.hibernate.dialect.MySQL5Dialect
2021-10-13 09:27:46,749 INFO org.hibernate.engine.transaction.jta.platform.internal.JtaPlatformInitiator [main] HHH000490: Using JtaPlatform implementation: [org.hibernate.engine.transaction.jta.platform.internal.NoJtaPlatform]
2021-10-13 09:27:46,749 INFO org.springframework.orm.jpa.AbstractEntityManagerFactoryBean [main] Initialized JPA EntityManagerFactory for persistence unit 'default'
2021-10-13 09:27:47,908 INFO org.springframework.boot.autoconfigure.web.servlet.WelcomePageHandlerMapping [main] Adding welcome page template: index
2021-10-13 09:27:48,146 INFO org.springframework.security.web.DefaultSecurityFilterChain [main] Will secure Ant [pattern='/admin'] with [org.springframework.security.web.context.request.async.WebAsyncManagerIntegrationFilter@27c827ec, org.springframework.security.web.context.SecurityContextPersistenceFilter@1977b0df, org.springframework.security.web.header.HeaderWriterFilter@1b901f7b, org.springframework.security.web.csrf.CsrfFilter@782ed745, org.springframework.security.web.authentication.logout.LogoutFilter@37f7ce20, org.springframework.security.web.authentication.www.BasicAuthenticationFilter@169d5567, org.springframework.security.web.savedrequest.RequestCacheAwareFilter@7890fbf9, org.springframework.security.web.servletapi.SecurityContextHolderAwareRequestFilter@3606eee9, org.springframework.security.web.authentication.AnonymousAuthenticationFilter@7d108063, org.springframework.security.web.access.ExceptionTranslationFilter@4b45c8e4, org.springframework.security.web.access.intercept.FilterSecurityInterceptor@47e70f54]
2021-10-13 09:27:48,162 INFO org.springframework.security.web.DefaultSecurityFilterChain [main] Will secure any request with [org.springframework.security.web.context.request.async.WebAsyncManagerIntegrationFilter@6ac4f31d, org.springframework.security.web.context.SecurityContextPersistenceFilter@7f6a6d46, org.springframework.security.web.header.HeaderWriterFilter@143900a6, org.springframework.security.web.authentication.logout.LogoutFilter@47400608, org.springframework.security.web.authentication.UsernamePasswordAuthenticationFilter@37a14aa1, org.springframework.security.web.savedrequest.RequestCacheAwareFilter@238a7e3d, org.springframework.security.web.servletapi.SecurityContextHolderAwareRequestFilter@7ed5cc8c, org.springframework.security.web.authentication.AnonymousAuthenticationFilter@106f2425, org.springframework.security.web.session.SessionManagementFilter@30a4a111, org.springframework.security.web.access.ExceptionTranslationFilter@3599b18, org.springframework.security.web.access.intercept.FilterSecurityInterceptor@4fea9f19]
2021-10-13 09:27:48,193 INFO org.apache.juli.logging.DirectJDKLog [main] Starting ProtocolHandler ["http-nio-80"]
2021-10-13 09:27:48,209 INFO org.springframework.boot.web.embedded.tomcat.TomcatWebServer [main] Tomcat started on port(s): 80 (http) with context path ''
2021-10-13 09:27:48,209 INFO org.springframework.boot.StartupInfoLogger [main] Started Application in 4.167 seconds (JVM running for 4.706)
2021-10-13 09:27:48,531 INFO org.apache.juli.logging.DirectJDKLog [http-nio-80-exec-1] Initializing Spring DispatcherServlet 'dispatcherServlet'
2021-10-13 09:27:48,532 INFO org.springframework.web.servlet.FrameworkServlet [http-nio-80-exec-1] Initializing Servlet 'dispatcherServlet'
2021-10-13 09:27:48,533 INFO org.springframework.web.servlet.FrameworkServlet [http-nio-80-exec-1] Completed initialization in 1 ms
2021-10-13 09:28:53,752 INFO org.springframework.orm.jpa.AbstractEntityManagerFactoryBean [SpringApplicationShutdownHook] Closing JPA EntityManagerFactory for persistence unit 'default'
2021-10-13 09:28:53,752 INFO com.zaxxer.hikari.HikariDataSource [SpringApplicationShutdownHook] HikariPool-1 - Shutdown initiated...
2021-10-13 09:28:53,768 INFO com.zaxxer.hikari.HikariDataSource [SpringApplicationShutdownHook] HikariPool-1 - Shutdown completed.
2021-10-13 09:28:58,049 INFO org.springframework.boot.StartupInfoLogger [main] Starting Application using Java 11.0.11 on DESKTOP-MME1U5F with PID 24816 (C:\Users\HP-Note\IdeaProjects\JM-PP-3-1-3\target\classes started by HP-Note in C:\Users\HP-Note\IdeaProjects\JM-PP-3-1-3)
2021-10-13 09:28:58,049 INFO org.hibernate.validator.internal.util.Version [background-preinit] HV000001: Hibernate Validator 6.2.0.Final
2021-10-13 09:28:58,049 INFO org.springframework.boot.SpringApplication [main] No active profile set, falling back to default profiles: default
2021-10-13 09:28:58,643 INFO org.springframework.data.repository.config.RepositoryConfigurationDelegate [main] Bootstrapping Spring Data JPA repositories in DEFAULT mode.
2021-10-13 09:28:58,659 INFO org.springframework.data.repository.config.RepositoryConfigurationDelegate [main] Finished Spring Data repository scanning in 8 ms. Found 0 JPA repository interfaces.
2021-10-13 09:28:58,909 INFO org.springframework.context.support.PostProcessorRegistrationDelegate$BeanPostProcessorChecker [main] Bean 'org.springframework.security.access.expression.method.DefaultMethodSecurityExpressionHandler@49c17ba4' of type [org.springframework.security.access.expression.method.DefaultMethodSecurityExpressionHandler] is not eligible for getting processed by all BeanPostProcessors (for example: not eligible for auto-proxying)
2021-10-13 09:28:58,909 INFO org.springframework.context.support.PostProcessorRegistrationDelegate$BeanPostProcessorChecker [main] Bean 'methodSecurityMetadataSource' of type [org.springframework.security.access.method.DelegatingMethodSecurityMetadataSource] is not eligible for getting processed by all BeanPostProcessors (for example: not eligible for auto-proxying)
2021-10-13 09:28:59,096 INFO org.springframework.boot.web.embedded.tomcat.TomcatWebServer [main] Tomcat initialized with port(s): 80 (http)
2021-10-13 09:28:59,096 INFO org.apache.juli.logging.DirectJDKLog [main] Initializing ProtocolHandler ["http-nio-80"]
2021-10-13 09:28:59,096 INFO org.apache.juli.logging.DirectJDKLog [main] Starting service [Tomcat]
2021-10-13 09:28:59,096 INFO org.apache.juli.logging.DirectJDKLog [main] Starting Servlet engine: [Apache Tomcat/9.0.52]
2021-10-13 09:28:59,175 INFO org.apache.juli.logging.DirectJDKLog [main] Initializing Spring embedded WebApplicationContext
2021-10-13 09:28:59,175 INFO org.springframework.boot.web.servlet.context.ServletWebServerApplicationContext [main] Root WebApplicationContext: initialization completed in 1094 ms
2021-10-13 09:28:59,284 INFO org.hibernate.jpa.internal.util.LogHelper [main] HHH000204: Processing PersistenceUnitInfo [name: default]
2021-10-13 09:28:59,315 INFO org.hibernate.Version [main] HHH000412: Hibernate ORM core version 5.4.32.Final
2021-10-13 09:28:59,378 INFO org.hibernate.annotations.common.reflection.java.JavaReflectionManager [main] HCANN000001: Hibernate Commons Annotations {5.1.2.Final}
2021-10-13 09:28:59,440 INFO com.zaxxer.hikari.HikariDataSource [main] HikariPool-1 - Starting...
2021-10-13 09:28:59,534 INFO com.zaxxer.hikari.HikariDataSource [main] HikariPool-1 - Start completed.
2021-10-13 09:28:59,534 INFO org.hibernate.dialect.Dialect [main] HHH000400: Using dialect: org.hibernate.dialect.MySQL5Dialect
2021-10-13 09:29:00,346 INFO org.hibernate.engine.transaction.jta.platform.internal.JtaPlatformInitiator [main] HHH000490: Using JtaPlatform implementation: [org.hibernate.engine.transaction.jta.platform.internal.NoJtaPlatform]
2021-10-13 09:29:00,346 INFO org.springframework.orm.jpa.AbstractEntityManagerFactoryBean [main] Initialized JPA EntityManagerFactory for persistence unit 'default'
2021-10-13 09:29:01,300 INFO org.springframework.boot.autoconfigure.web.servlet.WelcomePageHandlerMapping [main] Adding welcome page template: index
2021-10-13 09:29:01,534 INFO org.springframework.security.web.DefaultSecurityFilterChain [main] Will secure Ant [pattern='/admin'] with [org.springframework.security.web.context.request.async.WebAsyncManagerIntegrationFilter@68b3de47, org.springframework.security.web.context.SecurityContextPersistenceFilter@670aac24, org.springframework.security.web.header.HeaderWriterFilter@627a890f, org.springframework.security.web.csrf.CsrfFilter@3083e6ef, org.springframework.security.web.authentication.logout.LogoutFilter@367fbb28, org.springframework.security.web.authentication.www.BasicAuthenticationFilter@7841c990, org.springframework.security.web.savedrequest.RequestCacheAwareFilter@1977b0df, org.springframework.security.web.servletapi.SecurityContextHolderAwareRequestFilter@294a12b5, org.springframework.security.web.authentication.AnonymousAuthenticationFilter@5b827796, org.springframework.security.web.access.ExceptionTranslationFilter@1a48a582, org.springframework.security.web.access.intercept.FilterSecurityInterceptor@10bcbbed]
2021-10-13 09:29:01,550 INFO org.springframework.security.web.DefaultSecurityFilterChain [main] Will secure any request with [org.springframework.security.web.context.request.async.WebAsyncManagerIntegrationFilter@4fea9f19, org.springframework.security.web.context.SecurityContextPersistenceFilter@712594f4, org.springframework.security.web.header.HeaderWriterFilter@c19bb2a, org.springframework.security.web.authentication.logout.LogoutFilter@7ed5cc8c, org.springframework.security.web.authentication.UsernamePasswordAuthenticationFilter@84e43fb, org.springframework.security.web.savedrequest.RequestCacheAwareFilter@30a4a111, org.springframework.security.web.servletapi.SecurityContextHolderAwareRequestFilter@7f6a6d46, org.springframework.security.web.authentication.AnonymousAuthenticationFilter@37a14aa1, org.springframework.security.web.session.SessionManagementFilter@143900a6, org.springframework.security.web.access.ExceptionTranslationFilter@4004bfba, org.springframework.security.web.access.intercept.FilterSecurityInterceptor@6e466fdf]
2021-10-13 09:29:01,581 INFO org.apache.juli.logging.DirectJDKLog [main] Starting ProtocolHandler ["http-nio-80"]
2021-10-13 09:29:01,597 INFO org.springframework.boot.web.embedded.tomcat.TomcatWebServer [main] Tomcat started on port(s): 80 (http) with context path ''
2021-10-13 09:29:01,612 INFO org.springframework.boot.StartupInfoLogger [main] Started Application in 3.95 seconds (JVM running for 4.543)
2021-10-13 09:29:01,879 INFO org.apache.juli.logging.DirectJDKLog [http-nio-80-exec-1] Initializing Spring DispatcherServlet 'dispatcherServlet'
2021-10-13 09:29:01,880 INFO org.springframework.web.servlet.FrameworkServlet [http-nio-80-exec-1] Initializing Servlet 'dispatcherServlet'
2021-10-13 09:29:01,881 INFO org.springframework.web.servlet.FrameworkServlet [http-nio-80-exec-1] Completed initialization in 1 ms
2021-10-13 10:02:31,341 INFO org.springframework.orm.jpa.AbstractEntityManagerFactoryBean [SpringApplicationShutdownHook] Closing JPA EntityManagerFactory for persistence unit 'default'
2021-10-13 10:02:31,341 INFO com.zaxxer.hikari.HikariDataSource [SpringApplicationShutdownHook] HikariPool-1 - Shutdown initiated...
2021-10-13 10:02:31,357 INFO com.zaxxer.hikari.HikariDataSource [SpringApplicationShutdownHook] HikariPool-1 - Shutdown completed.
2021-10-13 10:23:40,592 INFO org.springframework.boot.StartupInfoLogger [main] Starting Application using Java 11.0.11 on DESKTOP-MME1U5F with PID 23328 (C:\Users\HP-Note\IdeaProjects\JM-PP-3-1-3\target\classes started by HP-Note in C:\Users\HP-Note\IdeaProjects\JM-PP-3-1-3)
2021-10-13 10:23:40,592 INFO org.hibernate.validator.internal.util.Version [background-preinit] HV000001: Hibernate Validator 6.2.0.Final
2021-10-13 10:23:40,592 INFO org.springframework.boot.SpringApplication [main] No active profile set, falling back to default profiles: default
2021-10-13 10:23:41,184 INFO org.springframework.data.repository.config.RepositoryConfigurationDelegate [main] Bootstrapping Spring Data JPA repositories in DEFAULT mode.
2021-10-13 10:23:41,199 INFO org.springframework.data.repository.config.RepositoryConfigurationDelegate [main] Finished Spring Data repository scanning in 9 ms. Found 0 JPA repository interfaces.
2021-10-13 10:23:41,453 INFO org.springframework.context.support.PostProcessorRegistrationDelegate$BeanPostProcessorChecker [main] Bean 'org.springframework.security.access.expression.method.DefaultMethodSecurityExpressionHandler@f324455' of type [org.springframework.security.access.expression.method.DefaultMethodSecurityExpressionHandler] is not eligible for getting processed by all BeanPostProcessors (for example: not eligible for auto-proxying)
2021-10-13 10:23:41,453 INFO org.springframework.context.support.PostProcessorRegistrationDelegate$BeanPostProcessorChecker [main] Bean 'methodSecurityMetadataSource' of type [org.springframework.security.access.method.DelegatingMethodSecurityMetadataSource] is not eligible for getting processed by all BeanPostProcessors (for example: not eligible for auto-proxying)
2021-10-13 10:23:41,640 INFO org.springframework.boot.web.embedded.tomcat.TomcatWebServer [main] Tomcat initialized with port(s): 80 (http)
2021-10-13 10:23:41,640 INFO org.apache.juli.logging.DirectJDKLog [main] Initializing ProtocolHandler ["http-nio-80"]
2021-10-13 10:23:41,640 INFO org.apache.juli.logging.DirectJDKLog [main] Starting service [Tomcat]
2021-10-13 10:23:41,640 INFO org.apache.juli.logging.DirectJDKLog [main] Starting Servlet engine: [Apache Tomcat/9.0.52]
2021-10-13 10:23:41,718 INFO org.apache.juli.logging.DirectJDKLog [main] Initializing Spring embedded WebApplicationContext
2021-10-13 10:23:41,718 INFO org.springframework.boot.web.servlet.context.ServletWebServerApplicationContext [main] Root WebApplicationContext: initialization completed in 1079 ms
2021-10-13 10:23:41,828 INFO org.hibernate.jpa.internal.util.LogHelper [main] HHH000204: Processing PersistenceUnitInfo [name: default]
2021-10-13 10:23:41,859 INFO org.hibernate.Version [main] HHH000412: Hibernate ORM core version 5.4.32.Final
2021-10-13 10:23:41,937 INFO org.hibernate.annotations.common.reflection.java.JavaReflectionManager [main] HCANN000001: Hibernate Commons Annotations {5.1.2.Final}
2021-10-13 10:23:41,999 INFO com.zaxxer.hikari.HikariDataSource [main] HikariPool-1 - Starting...
2021-10-13 10:23:42,087 INFO com.zaxxer.hikari.HikariDataSource [main] HikariPool-1 - Start completed.
2021-10-13 10:23:42,087 INFO org.hibernate.dialect.Dialect [main] HHH000400: Using dialect: org.hibernate.dialect.MySQL5Dialect
2021-10-13 10:23:43,005 INFO org.hibernate.engine.transaction.jta.platform.internal.JtaPlatformInitiator [main] HHH000490: Using JtaPlatform implementation: [org.hibernate.engine.transaction.jta.platform.internal.NoJtaPlatform]
2021-10-13 10:23:43,005 INFO org.springframework.orm.jpa.AbstractEntityManagerFactoryBean [main] Initialized JPA EntityManagerFactory for persistence unit 'default'
2021-10-13 10:23:44,043 INFO org.springframework.boot.autoconfigure.web.servlet.WelcomePageHandlerMapping [main] Adding welcome page template: index
2021-10-13 10:23:44,262 INFO org.springframework.security.web.DefaultSecurityFilterChain [main] Will secure Ant [pattern='/admin'] with [org.springframework.security.web.context.request.async.WebAsyncManagerIntegrationFilter@1e75bef1, org.springframework.security.web.context.SecurityContextPersistenceFilter@346a2799, org.springframework.security.web.header.HeaderWriterFilter@1221d607, org.springframework.security.web.csrf.CsrfFilter@4353db40, org.springframework.security.web.authentication.logout.LogoutFilter@6dd1f239, org.springframework.security.web.authentication.www.BasicAuthenticationFilter@47c422d3, org.springframework.security.web.savedrequest.RequestCacheAwareFilter@75b4db22, org.springframework.security.web.servletapi.SecurityContextHolderAwareRequestFilter@167bae0b, org.springframework.security.web.authentication.AnonymousAuthenticationFilter@169d5567, org.springframework.security.web.access.ExceptionTranslationFilter@57abe94d, org.springframework.security.web.access.intercept.FilterSecurityInterceptor@48ba37dc]
2021-10-13 10:23:44,262 INFO org.springframework.security.web.DefaultSecurityFilterChain [main] Will secure any request with [org.springframework.security.web.context.request.async.WebAsyncManagerIntegrationFilter@294a3f2a, org.springframework.security.web.context.SecurityContextPersistenceFilter@c19bb2a, org.springframework.security.web.header.HeaderWriterFilter@477906cf, org.springframework.security.web.authentication.logout.LogoutFilter@30a4a111, org.springframework.security.web.authentication.UsernamePasswordAuthenticationFilter@4b518645, org.springframework.security.web.savedrequest.RequestCacheAwareFilter@3599b18, org.springframework.security.web.servletapi.SecurityContextHolderAwareRequestFilter@143900a6, org.springframework.security.web.authentication.AnonymousAuthenticationFilter@6e466fdf, org.springframework.security.web.session.SessionManagementFilter@4004bfba, org.springframework.security.web.access.ExceptionTranslationFilter@317fa5dd, org.springframework.security.web.access.intercept.FilterSecurityInterceptor@5857d723]
2021-10-13 10:23:44,309 INFO org.apache.juli.logging.DirectJDKLog [main] Starting ProtocolHandler ["http-nio-80"]
2021-10-13 10:23:44,309 INFO org.springframework.boot.web.embedded.tomcat.TomcatWebServer [main] Tomcat started on port(s): 80 (http) with context path ''
2021-10-13 10:23:44,325 INFO org.springframework.boot.StartupInfoLogger [main] Started Application in 4.25 seconds (JVM running for 4.964)
2021-10-13 10:23:44,721 INFO org.apache.juli.logging.DirectJDKLog [http-nio-80-exec-1] Initializing Spring DispatcherServlet 'dispatcherServlet'
2021-10-13 10:23:44,722 INFO org.springframework.web.servlet.FrameworkServlet [http-nio-80-exec-1] Initializing Servlet 'dispatcherServlet'
2021-10-13 10:23:44,724 INFO org.springframework.web.servlet.FrameworkServlet [http-nio-80-exec-1] Completed initialization in 1 ms
2021-10-13 10:42:15,633 INFO org.springframework.orm.jpa.AbstractEntityManagerFactoryBean [SpringApplicationShutdownHook] Closing JPA EntityManagerFactory for persistence unit 'default'
2021-10-13 10:42:15,635 INFO com.zaxxer.hikari.HikariDataSource [SpringApplicationShutdownHook] HikariPool-1 - Shutdown initiated...
2021-10-13 10:42:15,642 INFO com.zaxxer.hikari.HikariDataSource [SpringApplicationShutdownHook] HikariPool-1 - Shutdown completed.
2021-10-13 10:42:19,842 INFO org.hibernate.validator.internal.util.Version [background-preinit] HV000001: Hibernate Validator 6.2.0.Final
2021-10-13 10:42:19,842 INFO org.springframework.boot.StartupInfoLogger [main] Starting Application using Java 11.0.11 on DESKTOP-MME1U5F with PID 14004 (C:\Users\HP-Note\IdeaProjects\JM-PP-3-1-3\target\classes started by HP-Note in C:\Users\HP-Note\IdeaProjects\JM-PP-3-1-3)
2021-10-13 10:42:19,846 INFO org.springframework.boot.SpringApplication [main] No active profile set, falling back to default profiles: default
2021-10-13 10:42:20,395 INFO org.springframework.data.repository.config.RepositoryConfigurationDelegate [main] Bootstrapping Spring Data JPA repositories in DEFAULT mode.
2021-10-13 10:42:20,409 INFO org.springframework.data.repository.config.RepositoryConfigurationDelegate [main] Finished Spring Data repository scanning in 8 ms. Found 0 JPA repository interfaces.
2021-10-13 10:42:20,675 INFO org.springframework.context.support.PostProcessorRegistrationDelegate$BeanPostProcessorChecker [main] Bean 'org.springframework.security.access.expression.method.DefaultMethodSecurityExpressionHandler@423c5404' of type [org.springframework.security.access.expression.method.DefaultMethodSecurityExpressionHandler] is not eligible for getting processed by all BeanPostProcessors (for example: not eligible for auto-proxying)
2021-10-13 10:42:20,681 INFO org.springframework.context.support.PostProcessorRegistrationDelegate$BeanPostProcessorChecker [main] Bean 'methodSecurityMetadataSource' of type [org.springframework.security.access.method.DelegatingMethodSecurityMetadataSource] is not eligible for getting processed by all BeanPostProcessors (for example: not eligible for auto-proxying)
2021-10-13 10:42:20,875 INFO org.springframework.boot.web.embedded.tomcat.TomcatWebServer [main] Tomcat initialized with port(s): 80 (http)
2021-10-13 10:42:20,882 INFO org.apache.juli.logging.DirectJDKLog [main] Initializing ProtocolHandler ["http-nio-80"]
2021-10-13 10:42:20,882 INFO org.apache.juli.logging.DirectJDKLog [main] Starting service [Tomcat]
2021-10-13 10:42:20,882 INFO org.apache.juli.logging.DirectJDKLog [main] Starting Servlet engine: [Apache Tomcat/9.0.52]
2021-10-13 10:42:20,951 INFO org.apache.juli.logging.DirectJDKLog [main] Initializing Spring embedded WebApplicationContext
2021-10-13 10:42:20,951 INFO org.springframework.boot.web.servlet.context.ServletWebServerApplicationContext [main] Root WebApplicationContext: initialization completed in 1068 ms
2021-10-13 10:42:21,077 INFO org.hibernate.jpa.internal.util.LogHelper [main] HHH000204: Processing PersistenceUnitInfo [name: default]
2021-10-13 10:42:21,103 INFO org.hibernate.Version [main] HHH000412: Hibernate ORM core version 5.4.32.Final
2021-10-13 10:42:21,166 INFO org.hibernate.annotations.common.reflection.java.JavaReflectionManager [main] HCANN000001: Hibernate Commons Annotations {5.1.2.Final}
2021-10-13 10:42:21,223 INFO com.zaxxer.hikari.HikariDataSource [main] HikariPool-1 - Starting...
2021-10-13 10:42:21,305 INFO com.zaxxer.hikari.HikariDataSource [main] HikariPool-1 - Start completed.
2021-10-13 10:42:21,319 INFO org.hibernate.dialect.Dialect [main] HHH000400: Using dialect: org.hibernate.dialect.MySQL5Dialect
2021-10-13 10:42:22,067 INFO org.hibernate.engine.transaction.jta.platform.internal.JtaPlatformInitiator [main] HHH000490: Using JtaPlatform implementation: [org.hibernate.engine.transaction.jta.platform.internal.NoJtaPlatform]
2021-10-13 10:42:22,072 INFO org.springframework.orm.jpa.AbstractEntityManagerFactoryBean [main] Initialized JPA EntityManagerFactory for persistence unit 'default'
2021-10-13 10:42:23,049 INFO org.springframework.boot.autoconfigure.web.servlet.WelcomePageHandlerMapping [main] Adding welcome page template: index
2021-10-13 10:42:23,271 INFO org.springframework.security.web.DefaultSecurityFilterChain [main] Will secure Ant [pattern='/admin'] with [org.springframework.security.web.context.request.async.WebAsyncManagerIntegrationFilter@5b827796, org.springframework.security.web.context.SecurityContextPersistenceFilter@23909b3, org.springframework.security.web.header.HeaderWriterFilter@7ef7faa9, org.springframework.security.web.csrf.CsrfFilter@6d57b264, org.springframework.security.web.authentication.logout.LogoutFilter@54ddd7e4, org.springframework.security.web.authentication.www.BasicAuthenticationFilter@1e75bef1, org.springframework.security.web.savedrequest.RequestCacheAwareFilter@4a490518, org.springframework.security.web.servletapi.SecurityContextHolderAwareRequestFilter@628aea61, org.springframework.security.web.authentication.AnonymousAuthenticationFilter@27c827ec, org.springframework.security.web.access.ExceptionTranslationFilter@1221d607, org.springframework.security.web.access.intercept.FilterSecurityInterceptor@9a16af1]
2021-10-13 10:42:23,281 INFO org.springframework.security.web.DefaultSecurityFilterChain [main] Will secure any request with [org.springframework.security.web.context.request.async.WebAsyncManagerIntegrationFilter@37a14aa1, org.springframework.security.web.context.SecurityContextPersistenceFilter@30a4a111, org.springframework.security.web.header.HeaderWriterFilter@3599b18, org.springframework.security.web.authentication.logout.LogoutFilter@6bec566e, org.springframework.security.web.authentication.UsernamePasswordAuthenticationFilter@4fea9f19, org.springframework.security.web.savedrequest.RequestCacheAwareFilter@7f6a6d46, org.springframework.security.web.servletapi.SecurityContextHolderAwareRequestFilter@238a7e3d, org.springframework.security.web.authentication.AnonymousAuthenticationFilter@6ac4f31d, org.springframework.security.web.session.SessionManagementFilter@712594f4, org.springframework.security.web.access.ExceptionTranslationFilter@c19bb2a, org.springframework.security.web.access.intercept.FilterSecurityInterceptor@84e43fb]
2021-10-13 10:42:23,319 INFO org.apache.juli.logging.DirectJDKLog [main] Starting ProtocolHandler ["http-nio-80"]
2021-10-13 10:42:23,332 INFO org.springframework.boot.web.embedded.tomcat.TomcatWebServer [main] Tomcat started on port(s): 80 (http) with context path ''
2021-10-13 10:42:23,342 INFO org.springframework.boot.StartupInfoLogger [main] Started Application in 3.867 seconds (JVM running for 4.42)
2021-10-13 10:42:23,684 INFO org.apache.juli.logging.DirectJDKLog [http-nio-80-exec-1] Initializing Spring DispatcherServlet 'dispatcherServlet'
2021-10-13 10:42:23,685 INFO org.springframework.web.servlet.FrameworkServlet [http-nio-80-exec-1] Initializing Servlet 'dispatcherServlet'
2021-10-13 10:42:23,686 INFO org.springframework.web.servlet.FrameworkServlet [http-nio-80-exec-1] Completed initialization in 1 ms
