2021-10-06 19:51:49,510 INFO org.springframework.boot.StartupInfoLogger [main] Starting Application using Java 11.0.11 on DESKTOP-MME1U5F with PID 15072 (C:\Users\HP-Note\IdeaProjects\JM-PP-3-1-3\target\classes started by HP-Note in C:\Users\HP-Note\IdeaProjects\JM-PP-3-1-3)
2021-10-06 19:51:49,508 INFO org.hibernate.validator.internal.util.Version [background-preinit] HV000001: Hibernate Validator 6.2.0.Final
2021-10-06 19:51:49,514 INFO org.springframework.boot.SpringApplication [main] No active profile set, falling back to default profiles: default
2021-10-06 19:51:50,125 INFO org.springframework.data.repository.config.RepositoryConfigurationDelegate [main] Bootstrapping Spring Data JPA repositories in DEFAULT mode.
2021-10-06 19:51:50,165 INFO org.springframework.data.repository.config.RepositoryConfigurationDelegate [main] Finished Spring Data repository scanning in 9 ms. Found 0 JPA repository interfaces.
2021-10-06 19:51:50,581 INFO org.springframework.boot.web.embedded.tomcat.TomcatWebServer [main] Tomcat initialized with port(s): 80 (http)
2021-10-06 19:51:50,597 INFO org.apache.juli.logging.DirectJDKLog [main] Initializing ProtocolHandler ["http-nio-80"]
2021-10-06 19:51:50,598 INFO org.apache.juli.logging.DirectJDKLog [main] Starting service [Tomcat]
2021-10-06 19:51:50,598 INFO org.apache.juli.logging.DirectJDKLog [main] Starting Servlet engine: [Apache Tomcat/9.0.52]
2021-10-06 19:51:50,685 INFO org.apache.juli.logging.DirectJDKLog [main] Initializing Spring embedded WebApplicationContext
2021-10-06 19:51:50,685 INFO org.springframework.boot.web.servlet.context.ServletWebServerApplicationContext [main] Root WebApplicationContext: initialization completed in 1130 ms
2021-10-06 19:51:50,795 INFO org.hibernate.jpa.internal.util.LogHelper [main] HHH000204: Processing PersistenceUnitInfo [name: default]
2021-10-06 19:51:50,820 INFO org.hibernate.Version [main] HHH000412: Hibernate ORM core version 5.4.32.Final
2021-10-06 19:51:50,882 INFO org.hibernate.annotations.common.reflection.java.JavaReflectionManager [main] HCANN000001: Hibernate Commons Annotations {5.1.2.Final}
2021-10-06 19:51:50,936 INFO com.zaxxer.hikari.HikariDataSource [main] HikariPool-1 - Starting...
2021-10-06 19:51:51,033 INFO com.zaxxer.hikari.HikariDataSource [main] HikariPool-1 - Start completed.
2021-10-06 19:51:51,043 INFO org.hibernate.dialect.Dialect [main] HHH000400: Using dialect: org.hibernate.dialect.MySQL5Dialect
2021-10-06 19:51:51,831 INFO org.hibernate.engine.transaction.jta.platform.internal.JtaPlatformInitiator [main] HHH000490: Using JtaPlatform implementation: [org.hibernate.engine.transaction.jta.platform.internal.NoJtaPlatform]
2021-10-06 19:51:51,837 INFO org.springframework.orm.jpa.AbstractEntityManagerFactoryBean [main] Initialized JPA EntityManagerFactory for persistence unit 'default'
2021-10-06 19:51:52,721 INFO org.springframework.security.web.DefaultSecurityFilterChain [main] Will secure any request with [org.springframework.security.web.context.request.async.WebAsyncManagerIntegrationFilter@5c7a06ec, org.springframework.security.web.context.SecurityContextPersistenceFilter@4511146f, org.springframework.security.web.header.HeaderWriterFilter@3c1df0e9, org.springframework.security.web.authentication.logout.LogoutFilter@4be3de36, org.springframework.security.web.authentication.UsernamePasswordAuthenticationFilter@5c03eb4e, org.springframework.security.web.savedrequest.RequestCacheAwareFilter@5819ee0f, org.springframework.security.web.servletapi.SecurityContextHolderAwareRequestFilter@6ed7c178, org.springframework.security.web.authentication.AnonymousAuthenticationFilter@697b48e4, org.springframework.security.web.session.SessionManagementFilter@768e40af, org.springframework.security.web.access.ExceptionTranslationFilter@4407fea2, org.springframework.security.web.access.intercept.FilterSecurityInterceptor@2484c868]
2021-10-06 19:51:52,874 INFO org.springframework.boot.autoconfigure.web.servlet.WelcomePageHandlerMapping [main] Adding welcome page template: index
2021-10-06 19:51:52,992 INFO org.apache.juli.logging.DirectJDKLog [main] Starting ProtocolHandler ["http-nio-80"]
2021-10-06 19:51:53,011 INFO org.springframework.boot.web.embedded.tomcat.TomcatWebServer [main] Tomcat started on port(s): 80 (http) with context path ''
2021-10-06 19:51:53,022 INFO org.springframework.boot.StartupInfoLogger [main] Started Application in 3.918 seconds (JVM running for 4.615)
2021-10-06 19:51:53,327 INFO org.apache.juli.logging.DirectJDKLog [http-nio-80-exec-1] Initializing Spring DispatcherServlet 'dispatcherServlet'
2021-10-06 19:51:53,327 INFO org.springframework.web.servlet.FrameworkServlet [http-nio-80-exec-1] Initializing Servlet 'dispatcherServlet'
2021-10-06 19:51:53,329 INFO org.springframework.web.servlet.FrameworkServlet [http-nio-80-exec-1] Completed initialization in 2 ms
