2021-08-29 22:02:55,185 INFO org.hibernate.validator.internal.util.Version [background-preinit] HV000001: Hibernate Validator 6.2.0.Final
2021-08-29 22:02:55,185 INFO org.springframework.boot.StartupInfoLogger [main] Starting Application using Java 11.0.11 on DESKTOP-MME1U5F with PID 10108 (C:\Users\HP-Note\IdeaProjects\JM-PP-3-1-2\target\classes started by HP-Note in C:\Users\HP-Note\IdeaProjects\JM-PP-3-1-2)
2021-08-29 22:02:55,201 INFO org.springframework.boot.SpringApplication [main] No active profile set, falling back to default profiles: default
2021-08-29 22:02:55,745 INFO org.springframework.data.repository.config.RepositoryConfigurationDelegate [main] Bootstrapping Spring Data JPA repositories in DEFAULT mode.
2021-08-29 22:02:55,808 INFO org.springframework.data.repository.config.RepositoryConfigurationDelegate [main] Finished Spring Data repository scanning in 21 ms. Found 0 JPA repository interfaces.
2021-08-29 22:02:56,269 INFO org.springframework.boot.web.embedded.tomcat.TomcatWebServer [main] Tomcat initialized with port(s): 80 (http)
2021-08-29 22:02:56,284 INFO org.apache.juli.logging.DirectJDKLog [main] Initializing ProtocolHandler ["http-nio-80"]
2021-08-29 22:02:56,284 INFO org.apache.juli.logging.DirectJDKLog [main] Starting service [Tomcat]
2021-08-29 22:02:56,284 INFO org.apache.juli.logging.DirectJDKLog [main] Starting Servlet engine: [Apache Tomcat/9.0.52]
2021-08-29 22:02:56,362 INFO org.apache.juli.logging.DirectJDKLog [main] Initializing Spring embedded WebApplicationContext
2021-08-29 22:02:56,362 INFO org.springframework.boot.web.servlet.context.ServletWebServerApplicationContext [main] Root WebApplicationContext: initialization completed in 1130 ms
2021-08-29 22:02:56,519 INFO org.hibernate.jpa.internal.util.LogHelper [main] HHH000204: Processing PersistenceUnitInfo [name: default]
2021-08-29 22:02:56,577 INFO org.hibernate.Version [main] HHH000412: Hibernate ORM core version 5.4.32.Final
2021-08-29 22:02:56,643 INFO org.hibernate.annotations.common.reflection.java.JavaReflectionManager [main] HCANN000001: Hibernate Commons Annotations {5.1.2.Final}
2021-08-29 22:02:56,725 INFO com.zaxxer.hikari.HikariDataSource [main] HikariPool-1 - Starting...
2021-08-29 22:02:56,825 INFO com.zaxxer.hikari.HikariDataSource [main] HikariPool-1 - Start completed.
2021-08-29 22:02:56,841 INFO org.hibernate.dialect.Dialect [main] HHH000400: Using dialect: org.hibernate.dialect.MySQL5Dialect
2021-08-29 22:02:57,760 INFO org.hibernate.engine.transaction.jta.platform.internal.JtaPlatformInitiator [main] HHH000490: Using JtaPlatform implementation: [org.hibernate.engine.transaction.jta.platform.internal.NoJtaPlatform]
2021-08-29 22:02:57,760 INFO org.springframework.orm.jpa.AbstractEntityManagerFactoryBean [main] Initialized JPA EntityManagerFactory for persistence unit 'default'
2021-08-29 22:03:04,488 INFO org.springframework.security.web.DefaultSecurityFilterChain [main] Will secure any request with [org.springframework.security.web.context.request.async.WebAsyncManagerIntegrationFilter@6d97a357, org.springframework.security.web.context.SecurityContextPersistenceFilter@17d25e1d, org.springframework.security.web.header.HeaderWriterFilter@53b579d2, org.springframework.security.web.authentication.logout.LogoutFilter@65192f16, org.springframework.security.web.authentication.UsernamePasswordAuthenticationFilter@7ab8c972, org.springframework.security.web.savedrequest.RequestCacheAwareFilter@30b075b9, org.springframework.security.web.servletapi.SecurityContextHolderAwareRequestFilter@14aa2123, org.springframework.security.web.authentication.AnonymousAuthenticationFilter@1e6cd1c, org.springframework.security.web.session.SessionManagementFilter@3da701a1, org.springframework.security.web.access.ExceptionTranslationFilter@d082916, org.springframework.security.web.access.intercept.FilterSecurityInterceptor@3f908a10]
2021-08-29 22:03:04,786 INFO org.springframework.boot.autoconfigure.web.servlet.WelcomePageHandlerMapping [main] Adding welcome page template: index
2021-08-29 22:03:05,033 INFO org.apache.juli.logging.DirectJDKLog [main] Starting ProtocolHandler ["http-nio-80"]
2021-08-29 22:03:05,065 INFO org.springframework.boot.web.embedded.tomcat.TomcatWebServer [main] Tomcat started on port(s): 80 (http) with context path ''
2021-08-29 22:03:05,080 INFO org.springframework.boot.StartupInfoLogger [main] Started Application in 10.448 seconds (JVM running for 11.373)
2021-08-29 22:03:05,726 INFO org.apache.juli.logging.DirectJDKLog [http-nio-80-exec-1] Initializing Spring DispatcherServlet 'dispatcherServlet'
2021-08-29 22:03:05,726 INFO org.springframework.web.servlet.FrameworkServlet [http-nio-80-exec-1] Initializing Servlet 'dispatcherServlet'
2021-08-29 22:03:05,726 INFO org.springframework.web.servlet.FrameworkServlet [http-nio-80-exec-1] Completed initialization in 0 ms
2021-08-29 22:03:05,978 WARN org.apache.juli.logging.DirectJDKLog [http-nio-80-exec-1] Creation of SecureRandom instance for session ID generation using [SHA1PRNG] took [220] milliseconds.
2021-08-29 22:34:08,079 INFO org.springframework.orm.jpa.AbstractEntityManagerFactoryBean [SpringApplicationShutdownHook] Closing JPA EntityManagerFactory for persistence unit 'default'
2021-08-29 22:34:08,079 INFO com.zaxxer.hikari.HikariDataSource [SpringApplicationShutdownHook] HikariPool-1 - Shutdown initiated...
2021-08-29 22:34:08,094 INFO com.zaxxer.hikari.HikariDataSource [SpringApplicationShutdownHook] HikariPool-1 - Shutdown completed.
2021-08-29 22:34:15,353 INFO org.springframework.boot.StartupInfoLogger [main] Starting Application using Java 11.0.11 on DESKTOP-MME1U5F with PID 11384 (C:\Users\HP-Note\IdeaProjects\JM-PP-3-1-2\target\classes started by HP-Note in C:\Users\HP-Note\IdeaProjects\JM-PP-3-1-2)
2021-08-29 22:34:15,353 INFO org.hibernate.validator.internal.util.Version [background-preinit] HV000001: Hibernate Validator 6.2.0.Final
2021-08-29 22:34:15,368 INFO org.springframework.boot.SpringApplication [main] No active profile set, falling back to default profiles: default
2021-08-29 22:34:15,915 INFO org.springframework.data.repository.config.RepositoryConfigurationDelegate [main] Bootstrapping Spring Data JPA repositories in DEFAULT mode.
2021-08-29 22:34:15,931 INFO org.springframework.data.repository.config.RepositoryConfigurationDelegate [main] Finished Spring Data repository scanning in 8 ms. Found 0 JPA repository interfaces.
2021-08-29 22:34:16,410 INFO org.springframework.boot.web.embedded.tomcat.TomcatWebServer [main] Tomcat initialized with port(s): 80 (http)
2021-08-29 22:34:16,426 INFO org.apache.juli.logging.DirectJDKLog [main] Initializing ProtocolHandler ["http-nio-80"]
2021-08-29 22:34:16,442 INFO org.apache.juli.logging.DirectJDKLog [main] Starting service [Tomcat]
2021-08-29 22:34:16,442 INFO org.apache.juli.logging.DirectJDKLog [main] Starting Servlet engine: [Apache Tomcat/9.0.52]
2021-08-29 22:34:16,560 INFO org.apache.juli.logging.DirectJDKLog [main] Initializing Spring embedded WebApplicationContext
2021-08-29 22:34:16,560 INFO org.springframework.boot.web.servlet.context.ServletWebServerApplicationContext [main] Root WebApplicationContext: initialization completed in 1145 ms
2021-08-29 22:34:16,653 INFO org.hibernate.jpa.internal.util.LogHelper [main] HHH000204: Processing PersistenceUnitInfo [name: default]
2021-08-29 22:34:16,685 INFO org.hibernate.Version [main] HHH000412: Hibernate ORM core version 5.4.32.Final
2021-08-29 22:34:16,747 INFO org.hibernate.annotations.common.reflection.java.JavaReflectionManager [main] HCANN000001: Hibernate Commons Annotations {5.1.2.Final}
2021-08-29 22:34:16,810 INFO com.zaxxer.hikari.HikariDataSource [main] HikariPool-1 - Starting...
2021-08-29 22:34:16,923 INFO com.zaxxer.hikari.HikariDataSource [main] HikariPool-1 - Start completed.
2021-08-29 22:34:16,923 INFO org.hibernate.dialect.Dialect [main] HHH000400: Using dialect: org.hibernate.dialect.MySQL5Dialect
2021-08-29 22:34:17,902 INFO org.hibernate.engine.transaction.jta.platform.internal.JtaPlatformInitiator [main] HHH000490: Using JtaPlatform implementation: [org.hibernate.engine.transaction.jta.platform.internal.NoJtaPlatform]
2021-08-29 22:34:17,918 INFO org.springframework.orm.jpa.AbstractEntityManagerFactoryBean [main] Initialized JPA EntityManagerFactory for persistence unit 'default'
2021-08-29 22:34:24,850 INFO org.springframework.security.web.DefaultSecurityFilterChain [main] Will secure any request with [org.springframework.security.web.context.request.async.WebAsyncManagerIntegrationFilter@5ae6119b, org.springframework.security.web.context.SecurityContextPersistenceFilter@6c502018, org.springframework.security.web.header.HeaderWriterFilter@3338d706, org.springframework.security.web.authentication.logout.LogoutFilter@7a3ab73a, org.springframework.security.web.authentication.UsernamePasswordAuthenticationFilter@12a8d03b, org.springframework.security.web.savedrequest.RequestCacheAwareFilter@5dd62f07, org.springframework.security.web.servletapi.SecurityContextHolderAwareRequestFilter@4d87e7f3, org.springframework.security.web.authentication.AnonymousAuthenticationFilter@31b6eec8, org.springframework.security.web.session.SessionManagementFilter@2fb555e8, org.springframework.security.web.access.ExceptionTranslationFilter@65192f16, org.springframework.security.web.access.intercept.FilterSecurityInterceptor@57d0c779]
2021-08-29 22:34:25,203 INFO org.springframework.boot.autoconfigure.web.servlet.WelcomePageHandlerMapping [main] Adding welcome page template: index
2021-08-29 22:34:25,400 INFO org.apache.juli.logging.DirectJDKLog [main] Starting ProtocolHandler ["http-nio-80"]
2021-08-29 22:34:25,432 INFO org.springframework.boot.web.embedded.tomcat.TomcatWebServer [main] Tomcat started on port(s): 80 (http) with context path ''
2021-08-29 22:34:25,447 INFO org.springframework.boot.StartupInfoLogger [main] Started Application in 10.615 seconds (JVM running for 11.441)
2021-08-29 22:34:25,918 INFO org.apache.juli.logging.DirectJDKLog [http-nio-80-exec-1] Initializing Spring DispatcherServlet 'dispatcherServlet'
2021-08-29 22:34:25,926 INFO org.springframework.web.servlet.FrameworkServlet [http-nio-80-exec-1] Initializing Servlet 'dispatcherServlet'
2021-08-29 22:34:25,926 INFO org.springframework.web.servlet.FrameworkServlet [http-nio-80-exec-1] Completed initialization in 0 ms
2021-08-29 22:34:26,180 WARN org.apache.juli.logging.DirectJDKLog [http-nio-80-exec-1] Creation of SecureRandom instance for session ID generation using [SHA1PRNG] took [206] milliseconds.
