2021-10-02 18:16:20,327 INFO org.springframework.boot.StartupInfoLogger [main] Starting Application using Java 11.0.11 on DESKTOP-MME1U5F with PID 9676 (C:\Users\HP-Note\IdeaProjects\JM-PP-3-1-3\target\classes started by HP-Note in C:\Users\HP-Note\IdeaProjects\JM-PP-3-1-3)
2021-10-02 18:16:20,327 INFO org.hibernate.validator.internal.util.Version [background-preinit] HV000001: Hibernate Validator 6.2.0.Final
2021-10-02 18:16:20,327 INFO org.springframework.boot.SpringApplication [main] No active profile set, falling back to default profiles: default
2021-10-02 18:16:21,340 INFO org.springframework.data.repository.config.RepositoryConfigurationDelegate [main] Bootstrapping Spring Data JPA repositories in DEFAULT mode.
2021-10-02 18:16:21,356 INFO org.springframework.data.repository.config.RepositoryConfigurationDelegate [main] Finished Spring Data repository scanning in 11 ms. Found 0 JPA repository interfaces.
2021-10-02 18:16:21,849 INFO org.springframework.boot.web.embedded.tomcat.TomcatWebServer [main] Tomcat initialized with port(s): 80 (http)
2021-10-02 18:16:21,865 INFO org.apache.juli.logging.DirectJDKLog [main] Initializing ProtocolHandler ["http-nio-80"]
2021-10-02 18:16:21,865 INFO org.apache.juli.logging.DirectJDKLog [main] Starting service [Tomcat]
2021-10-02 18:16:21,865 INFO org.apache.juli.logging.DirectJDKLog [main] Starting Servlet engine: [Apache Tomcat/9.0.52]
2021-10-02 18:16:21,959 INFO org.apache.juli.logging.DirectJDKLog [main] Initializing Spring embedded WebApplicationContext
2021-10-02 18:16:21,959 INFO org.springframework.boot.web.servlet.context.ServletWebServerApplicationContext [main] Root WebApplicationContext: initialization completed in 1569 ms
2021-10-02 18:16:22,057 INFO org.hibernate.jpa.internal.util.LogHelper [main] HHH000204: Processing PersistenceUnitInfo [name: default]
2021-10-02 18:16:22,091 INFO org.hibernate.Version [main] HHH000412: Hibernate ORM core version 5.4.32.Final
2021-10-02 18:16:22,169 INFO org.hibernate.annotations.common.reflection.java.JavaReflectionManager [main] HCANN000001: Hibernate Commons Annotations {5.1.2.Final}
2021-10-02 18:16:22,232 INFO com.zaxxer.hikari.HikariDataSource [main] HikariPool-1 - Starting...
2021-10-02 18:16:22,331 INFO com.zaxxer.hikari.HikariDataSource [main] HikariPool-1 - Start completed.
2021-10-02 18:16:22,348 INFO org.hibernate.dialect.Dialect [main] HHH000400: Using dialect: org.hibernate.dialect.MySQL5Dialect
2021-10-02 18:16:23,368 INFO org.hibernate.engine.transaction.jta.platform.internal.JtaPlatformInitiator [main] HHH000490: Using JtaPlatform implementation: [org.hibernate.engine.transaction.jta.platform.internal.NoJtaPlatform]
2021-10-02 18:16:23,368 INFO org.springframework.orm.jpa.AbstractEntityManagerFactoryBean [main] Initialized JPA EntityManagerFactory for persistence unit 'default'
2021-10-02 18:16:24,618 INFO org.springframework.security.web.DefaultSecurityFilterChain [main] Will secure any request with [org.springframework.security.web.context.request.async.WebAsyncManagerIntegrationFilter@137d04d8, org.springframework.security.web.context.SecurityContextPersistenceFilter@5819ee0f, org.springframework.security.web.header.HeaderWriterFilter@768e40af, org.springframework.security.web.authentication.logout.LogoutFilter@6219006a, org.springframework.security.web.authentication.UsernamePasswordAuthenticationFilter@1e836aed, org.springframework.security.web.savedrequest.RequestCacheAwareFilter@424ec990, org.springframework.security.web.servletapi.SecurityContextHolderAwareRequestFilter@5b657342, org.springframework.security.web.authentication.AnonymousAuthenticationFilter@25b8f9d2, org.springframework.security.web.session.SessionManagementFilter@4511146f, org.springframework.security.web.access.ExceptionTranslationFilter@54ed249f, org.springframework.security.web.access.intercept.FilterSecurityInterceptor@30d5fc1b]
2021-10-02 18:16:24,790 INFO org.springframework.boot.autoconfigure.web.servlet.WelcomePageHandlerMapping [main] Adding welcome page template: index
2021-10-02 18:16:24,931 INFO org.apache.juli.logging.DirectJDKLog [main] Starting ProtocolHandler ["http-nio-80"]
2021-10-02 18:16:24,946 INFO org.springframework.boot.web.embedded.tomcat.TomcatWebServer [main] Tomcat started on port(s): 80 (http) with context path ''
2021-10-02 18:16:24,962 INFO org.springframework.boot.StartupInfoLogger [main] Started Application in 5.376 seconds (JVM running for 6.374)
2021-10-02 18:16:25,766 INFO org.apache.juli.logging.DirectJDKLog [http-nio-80-exec-1] Initializing Spring DispatcherServlet 'dispatcherServlet'
2021-10-02 18:16:25,766 INFO org.springframework.web.servlet.FrameworkServlet [http-nio-80-exec-1] Initializing Servlet 'dispatcherServlet'
2021-10-02 18:16:25,774 INFO org.springframework.web.servlet.FrameworkServlet [http-nio-80-exec-1] Completed initialization in 8 ms
2021-10-02 18:16:25,982 WARN org.apache.juli.logging.DirectJDKLog [http-nio-80-exec-1] Creation of SecureRandom instance for session ID generation using [SHA1PRNG] took [176] milliseconds.
2021-10-02 18:19:13,145 INFO org.springframework.orm.jpa.AbstractEntityManagerFactoryBean [SpringApplicationShutdownHook] Closing JPA EntityManagerFactory for persistence unit 'default'
2021-10-02 18:19:13,145 INFO com.zaxxer.hikari.HikariDataSource [SpringApplicationShutdownHook] HikariPool-1 - Shutdown initiated...
2021-10-02 18:19:13,192 INFO com.zaxxer.hikari.HikariDataSource [SpringApplicationShutdownHook] HikariPool-1 - Shutdown completed.
2021-10-02 18:19:19,315 INFO org.hibernate.validator.internal.util.Version [background-preinit] HV000001: Hibernate Validator 6.2.0.Final
2021-10-02 18:19:19,315 INFO org.springframework.boot.StartupInfoLogger [main] Starting Application using Java 11.0.11 on DESKTOP-MME1U5F with PID 10520 (C:\Users\HP-Note\IdeaProjects\JM-PP-3-1-3\target\classes started by HP-Note in C:\Users\HP-Note\IdeaProjects\JM-PP-3-1-3)
2021-10-02 18:19:19,315 INFO org.springframework.boot.SpringApplication [main] No active profile set, falling back to default profiles: default
2021-10-02 18:19:20,811 INFO org.springframework.data.repository.config.RepositoryConfigurationDelegate [main] Bootstrapping Spring Data JPA repositories in DEFAULT mode.
2021-10-02 18:19:20,889 INFO org.springframework.data.repository.config.RepositoryConfigurationDelegate [main] Finished Spring Data repository scanning in 39 ms. Found 0 JPA repository interfaces.
2021-10-02 18:19:21,491 INFO org.springframework.boot.web.embedded.tomcat.TomcatWebServer [main] Tomcat initialized with port(s): 80 (http)
2021-10-02 18:19:21,507 INFO org.apache.juli.logging.DirectJDKLog [main] Initializing ProtocolHandler ["http-nio-80"]
2021-10-02 18:19:21,507 INFO org.apache.juli.logging.DirectJDKLog [main] Starting service [Tomcat]
2021-10-02 18:19:21,507 INFO org.apache.juli.logging.DirectJDKLog [main] Starting Servlet engine: [Apache Tomcat/9.0.52]
2021-10-02 18:19:21,569 INFO org.apache.juli.logging.DirectJDKLog [main] Initializing Spring embedded WebApplicationContext
2021-10-02 18:19:21,569 INFO org.springframework.boot.web.servlet.context.ServletWebServerApplicationContext [main] Root WebApplicationContext: initialization completed in 2156 ms
2021-10-02 18:19:21,663 INFO org.hibernate.jpa.internal.util.LogHelper [main] HHH000204: Processing PersistenceUnitInfo [name: default]
2021-10-02 18:19:21,694 INFO org.hibernate.Version [main] HHH000412: Hibernate ORM core version 5.4.32.Final
2021-10-02 18:19:21,788 INFO org.hibernate.annotations.common.reflection.java.JavaReflectionManager [main] HCANN000001: Hibernate Commons Annotations {5.1.2.Final}
2021-10-02 18:19:21,850 INFO com.zaxxer.hikari.HikariDataSource [main] HikariPool-1 - Starting...
2021-10-02 18:19:21,947 INFO com.zaxxer.hikari.HikariDataSource [main] HikariPool-1 - Start completed.
2021-10-02 18:19:21,955 INFO org.hibernate.dialect.Dialect [main] HHH000400: Using dialect: org.hibernate.dialect.MySQL5Dialect
2021-10-02 18:19:22,830 INFO org.hibernate.engine.transaction.jta.platform.internal.JtaPlatformInitiator [main] HHH000490: Using JtaPlatform implementation: [org.hibernate.engine.transaction.jta.platform.internal.NoJtaPlatform]
2021-10-02 18:19:22,830 INFO org.springframework.orm.jpa.AbstractEntityManagerFactoryBean [main] Initialized JPA EntityManagerFactory for persistence unit 'default'
2021-10-02 18:19:23,836 INFO org.springframework.security.web.DefaultSecurityFilterChain [main] Will secure any request with [org.springframework.security.web.context.request.async.WebAsyncManagerIntegrationFilter@33e6bd36, org.springframework.security.web.context.SecurityContextPersistenceFilter@522fb69, org.springframework.security.web.header.HeaderWriterFilter@5667dd90, org.springframework.security.web.authentication.logout.LogoutFilter@64e3bc2, org.springframework.security.web.authentication.UsernamePasswordAuthenticationFilter@54ed249f, org.springframework.security.web.savedrequest.RequestCacheAwareFilter@6dfebd2a, org.springframework.security.web.servletapi.SecurityContextHolderAwareRequestFilter@19355a56, org.springframework.security.web.authentication.AnonymousAuthenticationFilter@6e1d9b32, org.springframework.security.web.session.SessionManagementFilter@76673ed, org.springframework.security.web.access.ExceptionTranslationFilter@5300694d, org.springframework.security.web.access.intercept.FilterSecurityInterceptor@7d75940]
2021-10-02 18:19:23,977 INFO org.springframework.boot.autoconfigure.web.servlet.WelcomePageHandlerMapping [main] Adding welcome page template: index
2021-10-02 18:19:24,102 INFO org.apache.juli.logging.DirectJDKLog [main] Starting ProtocolHandler ["http-nio-80"]
2021-10-02 18:19:24,118 INFO org.springframework.boot.web.embedded.tomcat.TomcatWebServer [main] Tomcat started on port(s): 80 (http) with context path ''
2021-10-02 18:19:24,149 INFO org.springframework.boot.StartupInfoLogger [main] Started Application in 6.152 seconds (JVM running for 7.551)
2021-10-02 18:19:24,590 INFO org.apache.juli.logging.DirectJDKLog [http-nio-80-exec-1] Initializing Spring DispatcherServlet 'dispatcherServlet'
2021-10-02 18:19:24,590 INFO org.springframework.web.servlet.FrameworkServlet [http-nio-80-exec-1] Initializing Servlet 'dispatcherServlet'
2021-10-02 18:19:24,590 INFO org.springframework.web.servlet.FrameworkServlet [http-nio-80-exec-1] Completed initialization in 0 ms
