2021-08-30 07:17:43,457 WARN com.zaxxer.hikari.pool.HikariPool$HouseKeeper [HikariPool-1 housekeeper] HikariPool-1 - Thread starvation or clock leap detected (housekeeper delta=7h1m55s84ms750µs200ns).
2021-08-30 07:23:03,693 INFO org.springframework.orm.jpa.AbstractEntityManagerFactoryBean [SpringApplicationShutdownHook] Closing JPA EntityManagerFactory for persistence unit 'default'
2021-08-30 07:23:03,693 INFO com.zaxxer.hikari.HikariDataSource [SpringApplicationShutdownHook] HikariPool-1 - Shutdown initiated...
2021-08-30 07:23:03,709 INFO com.zaxxer.hikari.HikariDataSource [SpringApplicationShutdownHook] HikariPool-1 - Shutdown completed.
2021-08-30 07:30:35,172 INFO org.hibernate.validator.internal.util.Version [background-preinit] HV000001: Hibernate Validator 6.2.0.Final
2021-08-30 07:30:35,180 INFO org.springframework.boot.StartupInfoLogger [main] Starting Application using Java 11.0.11 on DESKTOP-MME1U5F with PID 8040 (C:\Users\HP-Note\IdeaProjects\JM-PP-3-1-2\target\classes started by HP-Note in C:\Users\HP-Note\IdeaProjects\JM-PP-3-1-2)
2021-08-30 07:30:35,180 INFO org.springframework.boot.SpringApplication [main] No active profile set, falling back to default profiles: default
2021-08-30 07:30:36,002 INFO org.springframework.data.repository.config.RepositoryConfigurationDelegate [main] Bootstrapping Spring Data JPA repositories in DEFAULT mode.
2021-08-30 07:30:36,018 INFO org.springframework.data.repository.config.RepositoryConfigurationDelegate [main] Finished Spring Data repository scanning in 10 ms. Found 0 JPA repository interfaces.
2021-08-30 07:30:36,466 INFO org.springframework.boot.web.embedded.tomcat.TomcatWebServer [main] Tomcat initialized with port(s): 80 (http)
2021-08-30 07:30:36,482 INFO org.apache.juli.logging.DirectJDKLog [main] Initializing ProtocolHandler ["http-nio-80"]
2021-08-30 07:30:36,482 INFO org.apache.juli.logging.DirectJDKLog [main] Starting service [Tomcat]
2021-08-30 07:30:36,482 INFO org.apache.juli.logging.DirectJDKLog [main] Starting Servlet engine: [Apache Tomcat/9.0.52]
2021-08-30 07:30:36,578 INFO org.apache.juli.logging.DirectJDKLog [main] Initializing Spring embedded WebApplicationContext
2021-08-30 07:30:36,578 INFO org.springframework.boot.web.servlet.context.ServletWebServerApplicationContext [main] Root WebApplicationContext: initialization completed in 1350 ms
2021-08-30 07:30:36,762 INFO org.hibernate.jpa.internal.util.LogHelper [main] HHH000204: Processing PersistenceUnitInfo [name: default]
2021-08-30 07:30:36,786 INFO org.hibernate.Version [main] HHH000412: Hibernate ORM core version 5.4.32.Final
2021-08-30 07:30:36,842 INFO org.hibernate.annotations.common.reflection.java.JavaReflectionManager [main] HCANN000001: Hibernate Commons Annotations {5.1.2.Final}
2021-08-30 07:30:36,902 INFO com.zaxxer.hikari.HikariDataSource [main] HikariPool-1 - Starting...
2021-08-30 07:30:36,983 INFO com.zaxxer.hikari.HikariDataSource [main] HikariPool-1 - Start completed.
2021-08-30 07:30:36,991 INFO org.hibernate.dialect.Dialect [main] HHH000400: Using dialect: org.hibernate.dialect.MySQL5Dialect
2021-08-30 07:30:37,792 INFO org.hibernate.engine.transaction.jta.platform.internal.JtaPlatformInitiator [main] HHH000490: Using JtaPlatform implementation: [org.hibernate.engine.transaction.jta.platform.internal.NoJtaPlatform]
2021-08-30 07:30:37,792 INFO org.springframework.orm.jpa.AbstractEntityManagerFactoryBean [main] Initialized JPA EntityManagerFactory for persistence unit 'default'
2021-08-30 07:30:44,423 INFO org.springframework.security.web.DefaultSecurityFilterChain [main] Will secure any request with [org.springframework.security.web.context.request.async.WebAsyncManagerIntegrationFilter@247877f3, org.springframework.security.web.context.SecurityContextPersistenceFilter@49dacc93, org.springframework.security.web.header.HeaderWriterFilter@15c8b75c, org.springframework.security.web.authentication.logout.LogoutFilter@4ffcb1bd, org.springframework.security.web.authentication.UsernamePasswordAuthenticationFilter@5be8a92c, org.springframework.security.web.savedrequest.RequestCacheAwareFilter@3bea478e, org.springframework.security.web.servletapi.SecurityContextHolderAwareRequestFilter@58c93be3, org.springframework.security.web.authentication.AnonymousAuthenticationFilter@44bb6856, org.springframework.security.web.session.SessionManagementFilter@1174ff02, org.springframework.security.web.access.ExceptionTranslationFilter@3ddc5a75, org.springframework.security.web.access.intercept.FilterSecurityInterceptor@49b73e6c]
2021-08-30 07:30:44,663 INFO org.springframework.boot.autoconfigure.web.servlet.WelcomePageHandlerMapping [main] Adding welcome page template: index
2021-08-30 07:30:44,831 INFO org.apache.juli.logging.DirectJDKLog [main] Starting ProtocolHandler ["http-nio-80"]
2021-08-30 07:30:44,855 INFO org.springframework.boot.web.embedded.tomcat.TomcatWebServer [main] Tomcat started on port(s): 80 (http) with context path ''
2021-08-30 07:30:44,863 INFO org.springframework.boot.StartupInfoLogger [main] Started Application in 10.348 seconds (JVM running for 11.216)
2021-08-30 07:30:45,430 INFO org.apache.juli.logging.DirectJDKLog [http-nio-80-exec-1] Initializing Spring DispatcherServlet 'dispatcherServlet'
2021-08-30 07:30:45,430 INFO org.springframework.web.servlet.FrameworkServlet [http-nio-80-exec-1] Initializing Servlet 'dispatcherServlet'
2021-08-30 07:30:45,438 INFO org.springframework.web.servlet.FrameworkServlet [http-nio-80-exec-1] Completed initialization in 8 ms
2021-08-30 07:30:45,622 WARN org.apache.juli.logging.DirectJDKLog [http-nio-80-exec-1] Creation of SecureRandom instance for session ID generation using [SHA1PRNG] took [144] milliseconds.
2021-08-30 09:39:02,509 WARN com.zaxxer.hikari.pool.HikariPool$HouseKeeper [HikariPool-1 housekeeper] HikariPool-1 - Thread starvation or clock leap detected (housekeeper delta=1h5m54s814ms270µs).
2021-08-30 15:51:54,687 WARN com.zaxxer.hikari.pool.HikariPool$HouseKeeper [HikariPool-1 housekeeper] HikariPool-1 - Thread starvation or clock leap detected (housekeeper delta=3h41m47s841ms658µs900ns).
