2021-09-25 09:15:33,092 WARN com.zaxxer.hikari.pool.HikariPool$HouseKeeper [HikariPool-1 housekeeper] HikariPool-1 - Thread starvation or clock leap detected (housekeeper delta=15h38m10s821ms912µs700ns).
2021-09-25 11:23:07,398 WARN com.zaxxer.hikari.pool.HikariPool$HouseKeeper [HikariPool-1 housekeeper] HikariPool-1 - Thread starvation or clock leap detected (housekeeper delta=26m33s5ms634µs400ns).
2021-09-25 15:13:23,523 WARN com.zaxxer.hikari.pool.HikariPool$HouseKeeper [HikariPool-1 housekeeper] HikariPool-1 - Thread starvation or clock leap detected (housekeeper delta=2h50m15s326ms760µs600ns).
2021-09-25 16:54:19,353 WARN com.zaxxer.hikari.pool.HikariPool$HouseKeeper [HikariPool-1 housekeeper] HikariPool-1 - Thread starvation or clock leap detected (housekeeper delta=23m25s111ms40µs).
2021-09-25 20:32:13,910 INFO org.hibernate.validator.internal.util.Version [background-preinit] HV000001: Hibernate Validator 6.2.0.Final
2021-09-25 20:32:13,914 INFO org.springframework.boot.StartupInfoLogger [main] Starting Application using Java 11.0.11 on DESKTOP-MME1U5F with PID 17308 (C:\Users\HP-Note\IdeaProjects\JM-PP-3-1-3\target\classes started by HP-Note in C:\Users\HP-Note\IdeaProjects\JM-PP-3-1-3)
2021-09-25 20:32:13,915 INFO org.springframework.boot.SpringApplication [main] No active profile set, falling back to default profiles: default
2021-09-25 20:32:14,548 INFO org.springframework.data.repository.config.RepositoryConfigurationDelegate [main] Bootstrapping Spring Data JPA repositories in DEFAULT mode.
2021-09-25 20:32:14,567 INFO org.springframework.data.repository.config.RepositoryConfigurationDelegate [main] Finished Spring Data repository scanning in 12 ms. Found 0 JPA repository interfaces.
2021-09-25 20:32:15,012 INFO org.springframework.boot.web.embedded.tomcat.TomcatWebServer [main] Tomcat initialized with port(s): 80 (http)
2021-09-25 20:32:15,022 INFO org.apache.juli.logging.DirectJDKLog [main] Initializing ProtocolHandler ["http-nio-80"]
2021-09-25 20:32:15,023 INFO org.apache.juli.logging.DirectJDKLog [main] Starting service [Tomcat]
2021-09-25 20:32:15,023 INFO org.apache.juli.logging.DirectJDKLog [main] Starting Servlet engine: [Apache Tomcat/9.0.52]
2021-09-25 20:32:15,117 INFO org.apache.juli.logging.DirectJDKLog [main] Initializing Spring embedded WebApplicationContext
2021-09-25 20:32:15,117 INFO org.springframework.boot.web.servlet.context.ServletWebServerApplicationContext [main] Root WebApplicationContext: initialization completed in 1168 ms
2021-09-25 20:32:15,237 INFO org.hibernate.jpa.internal.util.LogHelper [main] HHH000204: Processing PersistenceUnitInfo [name: default]
2021-09-25 20:32:15,279 INFO org.hibernate.Version [main] HHH000412: Hibernate ORM core version 5.4.32.Final
2021-09-25 20:32:15,379 INFO org.hibernate.annotations.common.reflection.java.JavaReflectionManager [main] HCANN000001: Hibernate Commons Annotations {5.1.2.Final}
2021-09-25 20:32:15,476 INFO com.zaxxer.hikari.HikariDataSource [main] HikariPool-1 - Starting...
2021-09-25 20:32:15,589 INFO com.zaxxer.hikari.HikariDataSource [main] HikariPool-1 - Start completed.
2021-09-25 20:32:15,600 INFO org.hibernate.dialect.Dialect [main] HHH000400: Using dialect: org.hibernate.dialect.MySQL5Dialect
2021-09-25 20:32:16,517 INFO org.hibernate.engine.transaction.jta.platform.internal.JtaPlatformInitiator [main] HHH000490: Using JtaPlatform implementation: [org.hibernate.engine.transaction.jta.platform.internal.NoJtaPlatform]
2021-09-25 20:32:16,524 INFO org.springframework.orm.jpa.AbstractEntityManagerFactoryBean [main] Initialized JPA EntityManagerFactory for persistence unit 'default'
2021-09-25 20:32:17,403 INFO org.springframework.security.web.DefaultSecurityFilterChain [main] Will secure any request with [org.springframework.security.web.context.request.async.WebAsyncManagerIntegrationFilter@c157abf, org.springframework.security.web.context.SecurityContextPersistenceFilter@4f5c757c, org.springframework.security.web.header.HeaderWriterFilter@66d69cd2, org.springframework.security.web.authentication.logout.LogoutFilter@3462e99a, org.springframework.security.web.authentication.UsernamePasswordAuthenticationFilter@5300694d, org.springframework.security.web.savedrequest.RequestCacheAwareFilter@7fd4b9ec, org.springframework.security.web.servletapi.SecurityContextHolderAwareRequestFilter@b63365c, org.springframework.security.web.authentication.AnonymousAuthenticationFilter@472dbaf5, org.springframework.security.web.session.SessionManagementFilter@11a7840f, org.springframework.security.web.access.ExceptionTranslationFilter@698e1bf5, org.springframework.security.web.access.intercept.FilterSecurityInterceptor@278c67a7]
2021-09-25 20:32:17,585 INFO org.springframework.boot.autoconfigure.web.servlet.WelcomePageHandlerMapping [main] Adding welcome page template: index
2021-09-25 20:32:17,725 INFO org.apache.juli.logging.DirectJDKLog [main] Starting ProtocolHandler ["http-nio-80"]
2021-09-25 20:32:17,739 INFO org.springframework.boot.web.embedded.tomcat.TomcatWebServer [main] Tomcat started on port(s): 80 (http) with context path ''
2021-09-25 20:32:17,748 INFO org.springframework.boot.StartupInfoLogger [main] Started Application in 4.272 seconds (JVM running for 4.986)
2021-09-25 20:32:18,088 INFO org.apache.juli.logging.DirectJDKLog [http-nio-80-exec-1] Initializing Spring DispatcherServlet 'dispatcherServlet'
2021-09-25 20:32:18,088 INFO org.springframework.web.servlet.FrameworkServlet [http-nio-80-exec-1] Initializing Servlet 'dispatcherServlet'
2021-09-25 20:32:18,089 INFO org.springframework.web.servlet.FrameworkServlet [http-nio-80-exec-1] Completed initialization in 1 ms
